<?xml version="1.0" encoding="UTF-8"?>
<!-- Generated by org.testng.reporters.JUnitXMLReporter -->
<testsuite hostname="DESKTOP-F2PPI56" ignored="2" name="Default test" tests="1" failures="0" timestamp="22 Jan 2020 05:09:44 GMT" time="11.019" errors="0">
  <testcase name="open_page" time="0.163" classname="TestCases.WendellAddHero"/>
  <testcase name="@BeforeTest DriverInit" time="0.0" classname="TestCases.Base">
    <ignored/>
  </testcase> <!-- @BeforeTest DriverInit -->
  <testcase name="@BeforeSuite GetParameters" time="0.0" classname="TestCases.Base">
    <ignored/>
  </testcase> <!-- @BeforeSuite GetParameters -->
</testsuite> <!-- Default test -->
