<?xml version="1.0" encoding="UTF-8"?>
<!-- Generated by org.testng.reporters.JUnitXMLReporter -->
<testsuite hostname="DESKTOP-F2PPI56" ignored="0" name="Test" tests="1" failures="1" timestamp="22 Jan 2020 04:41:03 GMT" time="11.797" errors="0">
  <testcase name="open_page" time="0.009" classname="TestCases.WendellAddHero">
    <failure type="java.lang.NullPointerException">
      <![CDATA[java.lang.NullPointerException
at pageObjects.WendellLandingPage.google(WendellLandingPage.java:17)
at TestCases.WendellAddHero.open_page(WendellAddHero.java:12)
... Removed 25 stack frames]]>
    </failure>
  </testcase> <!-- open_page -->
</testsuite> <!-- Test -->
