<?xml version="1.0" encoding="UTF-8"?>
<testng-results skipped="0" failed="0" ignored="0" total="1" passed="1">
  <reporter-output>
  </reporter-output>
  <suite name="Surefire suite" duration-ms="46" started-at="2020-01-16T01:55:18Z" finished-at="2020-01-16T01:55:18Z">
    <groups>
    </groups>
    <test name="Surefire test" duration-ms="46" started-at="2020-01-16T01:55:18Z" finished-at="2020-01-16T01:55:18Z">
      <class name="TestCases.autoFramework.AppTest">
        <test-method status="PASS" signature="shouldAnswerWithTrue()" name="shouldAnswerWithTrue" duration-ms="7" started-at="2020-01-16T01:55:18Z" finished-at="2020-01-16T01:55:18Z">
          <reporter-output>
          </reporter-output>
        </test-method> <!-- shouldAnswerWithTrue -->
      </class> <!-- TestCases.autoFramework.AppTest -->
    </test> <!-- Surefire test -->
  </suite> <!-- Surefire suite -->
</testng-results>
