<?xml version="1.0" encoding="UTF-8"?>
<testng-results skipped="0" failed="0" ignored="0" total="1" passed="1">
  <reporter-output>
  </reporter-output>
  <suite name="Suite" duration-ms="11251" started-at="2020-01-21T02:24:13Z" finished-at="2020-01-21T02:24:25Z">
    <groups>
    </groups>
    <test name="Test" duration-ms="11251" started-at="2020-01-21T02:24:13Z" finished-at="2020-01-21T02:24:25Z">
      <class name="TestCases.autoFramework2.LoadPage">
        <test-method status="PASS" signature="setupApplication()[pri:0, instance:TestCases.autoFramework2.LoadPage@5ef60048]" name="setupApplication" is-config="true" duration-ms="9586" started-at="2020-01-21T02:24:13Z" finished-at="2020-01-21T02:24:23Z">
          <reporter-output>
          </reporter-output>
        </test-method> <!-- setupApplication -->
        <test-method status="PASS" signature="initDriver()[pri:0, instance:TestCases.autoFramework2.LoadPage@5ef60048]" name="initDriver" duration-ms="961" started-at="2020-01-21T02:24:23Z" finished-at="2020-01-21T02:24:24Z">
          <reporter-output>
          </reporter-output>
        </test-method> <!-- initDriver -->
        <test-method status="PASS" signature="closeApplication()[pri:0, instance:TestCases.autoFramework2.LoadPage@5ef60048]" name="closeApplication" is-config="true" duration-ms="679" started-at="2020-01-21T02:24:24Z" finished-at="2020-01-21T02:24:25Z">
          <reporter-output>
          </reporter-output>
        </test-method> <!-- closeApplication -->
      </class> <!-- TestCases.autoFramework2.LoadPage -->
    </test> <!-- Test -->
  </suite> <!-- Suite -->
</testng-results>
