<?xml version="1.0" encoding="UTF-8"?>
<testng-results skipped="0" failed="0" ignored="0" total="1" passed="1">
  <reporter-output>
  </reporter-output>
  <suite name="Default suite" duration-ms="6782" started-at="2020-01-22T18:36:24Z" finished-at="2020-01-22T18:36:31Z">
    <groups>
    </groups>
    <test name="Default test" duration-ms="6782" started-at="2020-01-22T18:36:24Z" finished-at="2020-01-22T18:36:31Z">
      <class name="TestCases.WendellAddHero">
        <test-method status="PASS" signature="GetParameters()[pri:0, instance:TestCases.WendellAddHero@cb5822]" name="GetParameters" is-config="true" duration-ms="16" started-at="2020-01-22T18:36:24Z" finished-at="2020-01-22T18:36:24Z">
          <reporter-output>
          </reporter-output>
        </test-method> <!-- GetParameters -->
        <test-method status="PASS" signature="DriverInit()[pri:0, instance:TestCases.WendellAddHero@cb5822]" name="DriverInit" is-config="true" duration-ms="5841" started-at="2020-01-22T18:36:24Z" finished-at="2020-01-22T18:36:30Z">
          <reporter-output>
          </reporter-output>
        </test-method> <!-- DriverInit -->
        <test-method status="PASS" signature="open_page()[pri:0, instance:TestCases.WendellAddHero@cb5822]" name="open_page" duration-ms="912" started-at="2020-01-22T18:36:30Z" finished-at="2020-01-22T18:36:31Z">
          <reporter-output>
          </reporter-output>
        </test-method> <!-- open_page -->
      </class> <!-- TestCases.WendellAddHero -->
    </test> <!-- Default test -->
  </suite> <!-- Default suite -->
</testng-results>
